<?xml version="1.0" encoding="UTF-8"?>
<coverage generated="1603173553626" clover="3.2.0">
  <project timestamp="1603173553626" name="All files">
    <metrics statements="12" coveredstatements="12" conditionals="8" coveredconditionals="7" methods="2" coveredmethods="2" elements="22" coveredelements="21" complexity="0" loc="12" ncloc="12" packages="1" files="1" classes="1"/>
    <file name="helper.js" path="/Users/robinalaerts/IdeaProjects/eslint-plugin-atomic-design-hierarchy/helper.js">
      <metrics statements="12" coveredstatements="12" conditionals="8" coveredconditionals="7" methods="2" coveredmethods="2"/>
      <line num="2" count="16" type="stmt"/>
      <line num="3" count="16" type="cond" truecount="2" falsecount="0"/>
      <line num="4" count="13" type="stmt"/>
      <line num="5" count="13" type="cond" truecount="1" falsecount="1"/>
      <line num="6" count="13" type="stmt"/>
      <line num="7" count="56" type="stmt"/>
      <line num="9" count="13" type="stmt"/>
      <line num="10" count="13" type="cond" truecount="2" falsecount="0"/>
      <line num="11" count="9" type="stmt"/>
      <line num="12" count="9" type="cond" truecount="2" falsecount="0"/>
      <line num="13" count="4" type="stmt"/>
      <line num="20" count="1" type="stmt"/>
    </file>
  </project>
</coverage>
