{"/Users/robinalaerts/IdeaProjects/eslint-plugin-atomic-design-hierarchy/helper.js": {"path":"/Users/robinalaerts/IdeaProjects/eslint-plugin-atomic-design-hierarchy/helper.js","statementMap":{"0":{"start":{"line":2,"column":16},"end":{"line":2,"column":77}},"1":{"start":{"line":3,"column":4},"end":{"line":17,"column":5}},"2":{"start":{"line":4,"column":26},"end":{"line":4,"column":32}},"3":{"start":{"line":5,"column":8},"end":{"line":16,"column":9}},"4":{"start":{"line":6,"column":32},"end":{"line":8,"column":14}},"5":{"start":{"line":7,"column":16},"end":{"line":7,"column":39}},"6":{"start":{"line":9,"column":24},"end":{"line":9,"column":76}},"7":{"start":{"line":10,"column":12},"end":{"line":15,"column":13}},"8":{"start":{"line":11,"column":36},"end":{"line":11,"column":42}},"9":{"start":{"line":12,"column":16},"end":{"line":14,"column":17}},"10":{"start":{"line":13,"column":20},"end":{"line":13,"column":75}},"11":{"start":{"line":20,"column":0},"end":{"line":20,"column":35}}},"fnMap":{"0":{"name":"validateHierarchy","decl":{"start":{"line":1,"column":9},"end":{"line":1,"column":26}},"loc":{"start":{"line":1,"column":77},"end":{"line":18,"column":1}},"line":1},"1":{"name":"(anonymous_1)","decl":{"start":{"line":6,"column":62},"end":{"line":6,"column":63}},"loc":{"start":{"line":6,"column":76},"end":{"line":8,"column":13}},"line":6}},"branchMap":{"0":{"loc":{"start":{"line":3,"column":4},"end":{"line":17,"column":5}},"type":"if","locations":[{"start":{"line":3,"column":4},"end":{"line":17,"column":5}},{"start":{"line":3,"column":4},"end":{"line":17,"column":5}}],"line":3},"1":{"loc":{"start":{"line":5,"column":8},"end":{"line":16,"column":9}},"type":"if","locations":[{"start":{"line":5,"column":8},"end":{"line":16,"column":9}},{"start":{"line":5,"column":8},"end":{"line":16,"column":9}}],"line":5},"2":{"loc":{"start":{"line":10,"column":12},"end":{"line":15,"column":13}},"type":"if","locations":[{"start":{"line":10,"column":12},"end":{"line":15,"column":13}},{"start":{"line":10,"column":12},"end":{"line":15,"column":13}}],"line":10},"3":{"loc":{"start":{"line":12,"column":16},"end":{"line":14,"column":17}},"type":"if","locations":[{"start":{"line":12,"column":16},"end":{"line":14,"column":17}},{"start":{"line":12,"column":16},"end":{"line":14,"column":17}}],"line":12}},"s":{"0":16,"1":16,"2":13,"3":13,"4":13,"5":56,"6":13,"7":13,"8":9,"9":9,"10":4,"11":1},"f":{"0":16,"1":56},"b":{"0":[13,3],"1":[13,0],"2":[9,4],"3":[4,5]},"_coverageSchema":"1a1c01bbd47fc00a2c39e90264f33305004495a9","hash":"331c1b35896030ff30257906cb713f38a50e9223"}
}
